<?xml version="1.0" encoding="UTF-8"?>
<!-- Generated by org.testng.reporters.JUnitXMLReporter -->
<testsuite ignored="2" hostname="C100414" failures="0" tests="1" name="test1" time="0.039" errors="0" timestamp="2020-02-11T09:39:08 EET">
  <testcase classname="task1.TestNGTest" name="first" time="0.005"/>
  <testcase classname="task1.TestNGTest" name="second" time="0.0">
    <ignored/>
  </testcase> <!-- second -->
  <testcase classname="task1.TestNGTest" name="third" time="0.0">
    <ignored/>
  </testcase> <!-- third -->
</testsuite> <!-- test1 -->
