-------------------------------------------------------------------------------
Test set: samples.FirstTest
-------------------------------------------------------------------------------
Tests run: 3, Failures: 1, Errors: 0, Skipped: 0, Time elapsed: 0.835 s <<< FAILURE! - in samples.FirstTest
second(samples.FirstTest)  Time elapsed: 0.008 s  <<< FAILURE!
java.lang.AssertionError: expected [1] but found [2]
	at samples.FirstTest.second(FirstTest.java:16)

