<?xml version="1.0" encoding="UTF-8"?>
<testng-results ignored="2" total="3" passed="1" failed="0" skipped="0">
  <reporter-output>
  </reporter-output>
  <suite started-at="2020-02-11T09:39:08 EET" name="Suite1" finished-at="2020-02-11T09:39:08 EET" duration-ms="88">
    <groups>
      <group name="pack 1">
        <method signature="TestNGTest.first()[pri:0, instance:task1.TestNGTest@1c1bbc4e]" name="first" class="task1.TestNGTest"/>
      </group> <!-- pack 1 -->
    </groups>
    <test started-at="2020-02-11T09:39:08 EET" name="test1" finished-at="2020-02-11T09:39:08 EET" duration-ms="39">
      <class name="task1.TestNGTest">
        <test-method signature="first()[pri:0, instance:task1.TestNGTest@1c1bbc4e]" started-at="2020-02-11T09:39:08 EET" name="first" finished-at="2020-02-11T09:39:08 EET" duration-ms="5" status="PASS">
          <reporter-output>
          </reporter-output>
        </test-method> <!-- first -->
      </class> <!-- task1.TestNGTest -->
    </test> <!-- test1 -->
    <test started-at="2020-02-11T09:39:08 EET" name="test2" finished-at="2020-02-11T09:39:08 EET" duration-ms="0">
    </test> <!-- test2 -->
  </suite> <!-- Suite1 -->
</testng-results>
